2023-10-25 18:09:48,691 INFO o.a.j.u.JMeterUtils: Setting Locale to en_US
2023-10-25 18:09:48,708 INFO o.a.j.JMeter: Loading user properties from: user.properties
2023-10-25 18:09:48,709 INFO o.a.j.JMeter: Loading system properties from: system.properties
2023-10-25 18:09:48,715 INFO o.a.j.JMeter: Copyright (c) 1998-2023 The Apache Software Foundation
2023-10-25 18:09:48,715 INFO o.a.j.JMeter: Version 5.6.2
2023-10-25 18:09:48,715 INFO o.a.j.JMeter: java.version=11.0.19
2023-10-25 18:09:48,715 INFO o.a.j.JMeter: java.vm.name=Java HotSpot(TM) 64-Bit Server VM
2023-10-25 18:09:48,715 INFO o.a.j.JMeter: os.name=Windows 11
2023-10-25 18:09:48,715 INFO o.a.j.JMeter: os.arch=amd64
2023-10-25 18:09:48,715 INFO o.a.j.JMeter: os.version=10.0
2023-10-25 18:09:48,715 INFO o.a.j.JMeter: file.encoding=Cp1252
2023-10-25 18:09:48,715 INFO o.a.j.JMeter: java.awt.headless=null
2023-10-25 18:09:48,715 INFO o.a.j.JMeter: Max memory     =4200595456
2023-10-25 18:09:48,715 INFO o.a.j.JMeter: Available Processors =12
2023-10-25 18:09:48,720 INFO o.a.j.JMeter: Default Locale=English (United States)
2023-10-25 18:09:48,721 INFO o.a.j.JMeter: JMeter  Locale=English (United States)
2023-10-25 18:09:48,721 INFO o.a.j.JMeter: JMeterHome=C:\Users\mujahid.rizvi\Downloads\apache-jmeter-5.6.2
2023-10-25 18:09:48,721 INFO o.a.j.JMeter: user.dir  =C:\Users\mujahid.rizvi\Downloads\apache-jmeter-5.6.2\bin
2023-10-25 18:09:48,721 INFO o.a.j.JMeter: PWD       =C:\Users\mujahid.rizvi\Downloads\apache-jmeter-5.6.2\bin
2023-10-25 18:09:48,724 INFO o.a.j.JMeter: IP: 192.168.225.45 Name: Confiz-7437 FullName: Confiz-7437.confiz.local
2023-10-25 18:09:48,732 INFO o.a.j.JMeter: Loaded icon properties from org/apache/jmeter/images/icon.properties
2023-10-25 18:09:48,906 INFO o.a.j.JMeterGuiLauncher: Setting LAF to: laf:com.sun.java.swing.plaf.windows.WindowsLookAndFeel
2023-10-25 18:09:49,569 INFO o.a.j.r.ClassFinder: Will scan jar C:\Users\mujahid.rizvi\Downloads\apache-jmeter-5.6.2\lib\ext\jmeter-plugins-graphs-basic-2.0.jar with filter ExtendsClassFilter [parents=[interface org.apache.jmeter.gui.action.Command], inner=false, contains=null, notContains=null]. Consider exposing JMeter plugins via META-INF/services, and add JMeter-Skip-Class-Scanning=true manifest attribute so JMeter can skip classfile scanning
2023-10-25 18:09:49,576 INFO o.a.j.r.ClassFinder: Will scan jar C:\Users\mujahid.rizvi\Downloads\apache-jmeter-5.6.2\lib\ext\jmeter-plugins-manager-1.9.jar with filter ExtendsClassFilter [parents=[interface org.apache.jmeter.gui.action.Command], inner=false, contains=null, notContains=null]. Consider exposing JMeter plugins via META-INF/services, and add JMeter-Skip-Class-Scanning=true manifest attribute so JMeter can skip classfile scanning
2023-10-25 18:09:49,655 INFO o.a.j.r.ClassFinder: Will scan jar C:\Users\mujahid.rizvi\Downloads\apache-jmeter-5.6.2\lib\ext\jmeter-bzm-correlation-recorder-2.1.jar with filter ExtendsClassFilter [parents=[interface org.apache.jmeter.gui.action.Command], inner=false, contains=null, notContains=null]. Consider exposing JMeter plugins via META-INF/services, and add JMeter-Skip-Class-Scanning=true manifest attribute so JMeter can skip classfile scanning
2023-10-25 18:09:49,704 INFO o.a.j.r.ClassFinder: Will scan jar C:\Users\mujahid.rizvi\Downloads\apache-jmeter-5.6.2\lib\ext\jmeter-plugins-graphs-additional-2.0.jar with filter ExtendsClassFilter [parents=[interface org.apache.jmeter.gui.action.Command], inner=false, contains=null, notContains=null]. Consider exposing JMeter plugins via META-INF/services, and add JMeter-Skip-Class-Scanning=true manifest attribute so JMeter can skip classfile scanning
2023-10-25 18:09:49,707 INFO o.a.j.r.ClassFinder: Will scan jar C:\Users\mujahid.rizvi\Downloads\apache-jmeter-5.6.2\lib\ext\jmeter-plugins-graphs-ggl-2.0.jar with filter ExtendsClassFilter [parents=[interface org.apache.jmeter.gui.action.Command], inner=false, contains=null, notContains=null]. Consider exposing JMeter plugins via META-INF/services, and add JMeter-Skip-Class-Scanning=true manifest attribute so JMeter can skip classfile scanning
2023-10-25 18:09:49,709 INFO o.a.j.r.ClassFinder: Will scan jar C:\Users\mujahid.rizvi\Downloads\apache-jmeter-5.6.2\lib\ext\bzm-repositories-plugin-1.0.jar with filter ExtendsClassFilter [parents=[interface org.apache.jmeter.gui.action.Command], inner=false, contains=null, notContains=null]. Consider exposing JMeter plugins via META-INF/services, and add JMeter-Skip-Class-Scanning=true manifest attribute so JMeter can skip classfile scanning
2023-10-25 18:09:49,717 INFO o.a.j.r.ClassFinder: Will scan jar C:\Users\mujahid.rizvi\Downloads\apache-jmeter-5.6.2\lib\ext\jmeter-plugins-manager-1.10.jar with filter ExtendsClassFilter [parents=[interface org.apache.jmeter.gui.action.Command], inner=false, contains=null, notContains=null]. Consider exposing JMeter plugins via META-INF/services, and add JMeter-Skip-Class-Scanning=true manifest attribute so JMeter can skip classfile scanning
2023-10-25 18:09:49,718 INFO o.a.j.r.ClassFinder: Will scan jar C:\Users\mujahid.rizvi\Downloads\apache-jmeter-5.6.2\lib\ext\jmeter-plugins-casutg-2.10.jar with filter ExtendsClassFilter [parents=[interface org.apache.jmeter.gui.action.Command], inner=false, contains=null, notContains=null]. Consider exposing JMeter plugins via META-INF/services, and add JMeter-Skip-Class-Scanning=true manifest attribute so JMeter can skip classfile scanning
2023-10-25 18:09:49,725 INFO o.a.j.r.ClassFinder: Will scan jar C:\Users\mujahid.rizvi\Downloads\apache-jmeter-5.6.2\lib\ext\jmeter.backendlistener.azure-0.2.9.jar with filter ExtendsClassFilter [parents=[interface org.apache.jmeter.gui.action.Command], inner=false, contains=null, notContains=null]. Consider exposing JMeter plugins via META-INF/services, and add JMeter-Skip-Class-Scanning=true manifest attribute so JMeter can skip classfile scanning
2023-10-25 18:09:50,206 INFO o.a.j.r.ClassFinder: Will scan jar C:\Users\mujahid.rizvi\Downloads\apache-jmeter-5.6.2\lib\ext\jmeter-plugins-manager-0.20.jar with filter ExtendsClassFilter [parents=[interface org.apache.jmeter.gui.action.Command], inner=false, contains=null, notContains=null]. Consider exposing JMeter plugins via META-INF/services, and add JMeter-Skip-Class-Scanning=true manifest attribute so JMeter can skip classfile scanning
2023-10-25 18:09:50,267 INFO o.a.j.r.ClassFinder: Will scan jar C:\Users\mujahid.rizvi\Downloads\apache-jmeter-5.6.2\lib\ext\jmeter-plugins-graphs-basic-2.0.jar with filter ExtendsClassFilter [parents=[interface org.apache.jmeter.gui.plugin.MenuCreator], inner=false, contains=null, notContains=null]. Consider exposing JMeter plugins via META-INF/services, and add JMeter-Skip-Class-Scanning=true manifest attribute so JMeter can skip classfile scanning
2023-10-25 18:09:50,268 INFO o.a.j.r.ClassFinder: Will scan jar C:\Users\mujahid.rizvi\Downloads\apache-jmeter-5.6.2\lib\ext\jmeter-plugins-manager-1.9.jar with filter ExtendsClassFilter [parents=[interface org.apache.jmeter.gui.plugin.MenuCreator], inner=false, contains=null, notContains=null]. Consider exposing JMeter plugins via META-INF/services, and add JMeter-Skip-Class-Scanning=true manifest attribute so JMeter can skip classfile scanning
2023-10-25 18:09:50,272 INFO o.a.j.r.ClassFinder: Will scan jar C:\Users\mujahid.rizvi\Downloads\apache-jmeter-5.6.2\lib\ext\jmeter-bzm-correlation-recorder-2.1.jar with filter ExtendsClassFilter [parents=[interface org.apache.jmeter.gui.plugin.MenuCreator], inner=false, contains=null, notContains=null]. Consider exposing JMeter plugins via META-INF/services, and add JMeter-Skip-Class-Scanning=true manifest attribute so JMeter can skip classfile scanning
2023-10-25 18:09:50,275 INFO o.a.j.r.ClassFinder: Will scan jar C:\Users\mujahid.rizvi\Downloads\apache-jmeter-5.6.2\lib\ext\jmeter-plugins-graphs-additional-2.0.jar with filter ExtendsClassFilter [parents=[interface org.apache.jmeter.gui.plugin.MenuCreator], inner=false, contains=null, notContains=null]. Consider exposing JMeter plugins via META-INF/services, and add JMeter-Skip-Class-Scanning=true manifest attribute so JMeter can skip classfile scanning
2023-10-25 18:09:50,276 INFO o.a.j.r.ClassFinder: Will scan jar C:\Users\mujahid.rizvi\Downloads\apache-jmeter-5.6.2\lib\ext\jmeter-plugins-graphs-ggl-2.0.jar with filter ExtendsClassFilter [parents=[interface org.apache.jmeter.gui.plugin.MenuCreator], inner=false, contains=null, notContains=null]. Consider exposing JMeter plugins via META-INF/services, and add JMeter-Skip-Class-Scanning=true manifest attribute so JMeter can skip classfile scanning
2023-10-25 18:09:50,278 INFO o.a.j.r.ClassFinder: Will scan jar C:\Users\mujahid.rizvi\Downloads\apache-jmeter-5.6.2\lib\ext\bzm-repositories-plugin-1.0.jar with filter ExtendsClassFilter [parents=[interface org.apache.jmeter.gui.plugin.MenuCreator], inner=false, contains=null, notContains=null]. Consider exposing JMeter plugins via META-INF/services, and add JMeter-Skip-Class-Scanning=true manifest attribute so JMeter can skip classfile scanning
2023-10-25 18:09:50,278 INFO o.a.j.r.ClassFinder: Will scan jar C:\Users\mujahid.rizvi\Downloads\apache-jmeter-5.6.2\lib\ext\jmeter-plugins-manager-1.10.jar with filter ExtendsClassFilter [parents=[interface org.apache.jmeter.gui.plugin.MenuCreator], inner=false, contains=null, notContains=null]. Consider exposing JMeter plugins via META-INF/services, and add JMeter-Skip-Class-Scanning=true manifest attribute so JMeter can skip classfile scanning
2023-10-25 18:09:50,281 INFO o.a.j.r.ClassFinder: Will scan jar C:\Users\mujahid.rizvi\Downloads\apache-jmeter-5.6.2\lib\ext\jmeter-plugins-casutg-2.10.jar with filter ExtendsClassFilter [parents=[interface org.apache.jmeter.gui.plugin.MenuCreator], inner=false, contains=null, notContains=null]. Consider exposing JMeter plugins via META-INF/services, and add JMeter-Skip-Class-Scanning=true manifest attribute so JMeter can skip classfile scanning
2023-10-25 18:09:50,282 INFO o.a.j.r.ClassFinder: Will scan jar C:\Users\mujahid.rizvi\Downloads\apache-jmeter-5.6.2\lib\ext\jmeter.backendlistener.azure-0.2.9.jar with filter ExtendsClassFilter [parents=[interface org.apache.jmeter.gui.plugin.MenuCreator], inner=false, contains=null, notContains=null]. Consider exposing JMeter plugins via META-INF/services, and add JMeter-Skip-Class-Scanning=true manifest attribute so JMeter can skip classfile scanning
2023-10-25 18:09:50,289 INFO o.a.j.r.ClassFinder: Will scan jar C:\Users\mujahid.rizvi\Downloads\apache-jmeter-5.6.2\lib\ext\jmeter-plugins-manager-0.20.jar with filter ExtendsClassFilter [parents=[interface org.apache.jmeter.gui.plugin.MenuCreator], inner=false, contains=null, notContains=null]. Consider exposing JMeter plugins via META-INF/services, and add JMeter-Skip-Class-Scanning=true manifest attribute so JMeter can skip classfile scanning
2023-10-25 18:09:50,352 WARN o.j.r.PluginManager: Found JAR conflict: C:\Users\mujahid.rizvi\Downloads\apache-jmeter-5.6.2\lib\ext\jmeter-plugins-manager-1.10.jar and C:\Users\mujahid.rizvi\Downloads\apache-jmeter-5.6.2\lib\ext\jmeter-plugins-manager-0.20.jar
2023-10-25 18:09:50,352 WARN o.j.r.PluginManager: Found JAR conflict: C:\Users\mujahid.rizvi\Downloads\apache-jmeter-5.6.2\lib\ext\jmeter-plugins-manager-1.9.jar and C:\Users\mujahid.rizvi\Downloads\apache-jmeter-5.6.2\lib\ext\jmeter-plugins-manager-1.10.jar
2023-10-25 18:09:52,099 INFO c.b.j.c.c.t.LocalConfiguration: Installing default files
2023-10-25 18:09:52,119 INFO c.b.j.c.c.t.LocalConfiguration: bzm - Correlation Recorder Test Plan Template installed
2023-10-25 18:09:52,122 INFO c.b.j.c.c.t.LocalConfiguration: Siebel Correlation's Template installed
2023-10-25 18:09:52,310 INFO o.a.j.e.KeyToolUtils: keytool found at 'keytool'
2023-10-25 18:09:52,311 INFO o.a.j.p.h.p.ProxyControl: HTTP(S) Test Script Recorder SSL Proxy will use keys that support embedded 3rd party resources in file C:\Users\mujahid.rizvi\Downloads\apache-jmeter-5.6.2\bin\proxyserver.jks
2023-10-25 18:09:54,841 INFO o.j.r.PluginManager: Plugins Status: [jpgc-graphs-basic=2.0, jpgc-graphs-additional=2.0, jmeter.backendlistener.azure=0.2.9, bzm-siebel=2.1, bzm-repositories=1.0, jpgc-casutg=2.10, jpgc-ggl=2.0, jpgc-plugins-manager=0.20, jmeter-core=5.6.2, jmeter-ftp=5.6.2, jmeter-http=5.6.2, jmeter-jdbc=5.6.2, jmeter-jms=5.6.2, jmeter-junit=5.6.2, jmeter-java=5.6.2, jmeter-ldap=5.6.2, jmeter-mail=5.6.2, jmeter-mongodb=5.6.2, jmeter-native=5.6.2, jmeter-tcp=5.6.2, jmeter-components=5.6.2]
2023-10-25 18:09:54,843 INFO o.j.r.PluginManagerMenuItem: Plugins Manager has upgrades: [bzm-siebel, bzm-repositories, jpgc-plugins-manager]
2023-10-25 18:10:03,351 INFO o.a.j.s.FileServer: Default base='C:\Users\mujahid.rizvi\Downloads\apache-jmeter-5.6.2\bin'
2023-10-25 18:10:03,353 INFO o.a.j.g.a.Load: Loading file: C:\Users\mujahid.rizvi\Downloads\apache-jmeter-5.6.2\bin\DillagiBhoolJaniPareGi.jmx
2023-10-25 18:10:03,354 INFO o.a.j.s.FileServer: Set new base='C:\Users\mujahid.rizvi\Downloads\apache-jmeter-5.6.2\bin'
2023-10-25 18:10:03,486 INFO o.a.j.s.SaveService: Testplan (JMX) version: 2.2. Testlog (JTL) version: 2.2
2023-10-25 18:10:03,493 INFO o.a.j.s.SaveService: Using SaveService properties version 5.0
2023-10-25 18:10:03,494 INFO o.a.j.s.SaveService: Using SaveService properties file encoding UTF-8
2023-10-25 18:10:03,496 INFO o.a.j.s.SaveService: Loading file: C:\Users\mujahid.rizvi\Downloads\apache-jmeter-5.6.2\bin\DillagiBhoolJaniPareGi.jmx
2023-10-25 18:10:03,526 WARN o.j.r.p.TestPlanAnalyzer: Cannot parse file: C:\Users\mujahid.rizvi\Downloads\apache-jmeter-5.6.2\bin\DillagiBhoolJaniPareGi.jmx
org.xml.sax.SAXParseException: Character reference "&#x1f" is an invalid XML character.
	at org.apache.xerces.parsers.DOMParser.parse(Unknown Source) ~[xercesImpl-2.12.2.jar:?]
	at org.apache.xerces.jaxp.DocumentBuilderImpl.parse(Unknown Source) ~[xercesImpl-2.12.2.jar:?]
	at javax.xml.parsers.DocumentBuilder.parse(DocumentBuilder.java:178) ~[?:?]
	at org.jmeterplugins.repository.plugins.TestPlanAnalyzer.getNodeListWithClassNames(TestPlanAnalyzer.java:58) ~[jmeter-plugins-manager-0.20.jar:?]
	at org.jmeterplugins.repository.plugins.TestPlanAnalyzer.analyze(TestPlanAnalyzer.java:32) ~[jmeter-plugins-manager-0.20.jar:?]
	at org.jmeterplugins.repository.plugins.PluginSuggester.analyzeTestPlan(PluginSuggester.java:51) ~[jmeter-plugins-manager-0.20.jar:?]
	at org.jmeterplugins.repository.plugins.PluginSuggester.findPluginsToInstall(PluginSuggester.java:44) ~[jmeter-plugins-manager-0.20.jar:?]
	at org.jmeterplugins.repository.plugins.PluginSuggester.checkAndSuggest(PluginSuggester.java:28) ~[jmeter-plugins-manager-0.20.jar:?]
	at org.jmeterplugins.repository.logging.LoggerAppender.append(LoggerAppender.java:33) ~[jmeter-plugins-manager-0.20.jar:?]
	at org.apache.logging.log4j.core.config.AppenderControl.tryCallAppender(AppenderControl.java:161) ~[log4j-core-2.20.0.jar:2.20.0]
	at org.apache.logging.log4j.core.config.AppenderControl.callAppender0(AppenderControl.java:134) ~[log4j-core-2.20.0.jar:2.20.0]
	at org.apache.logging.log4j.core.config.AppenderControl.callAppenderPreventRecursion(AppenderControl.java:125) ~[log4j-core-2.20.0.jar:2.20.0]
	at org.apache.logging.log4j.core.config.AppenderControl.callAppender(AppenderControl.java:89) ~[log4j-core-2.20.0.jar:2.20.0]
	at org.apache.logging.log4j.core.config.LoggerConfig.callAppenders(LoggerConfig.java:683) ~[log4j-core-2.20.0.jar:2.20.0]
	at org.apache.logging.log4j.core.config.LoggerConfig.processLogEvent(LoggerConfig.java:641) ~[log4j-core-2.20.0.jar:2.20.0]
	at org.apache.logging.log4j.core.config.LoggerConfig.log(LoggerConfig.java:624) ~[log4j-core-2.20.0.jar:2.20.0]
	at org.apache.logging.log4j.core.config.LoggerConfig.log(LoggerConfig.java:560) ~[log4j-core-2.20.0.jar:2.20.0]
	at org.apache.logging.log4j.core.config.AwaitCompletionReliabilityStrategy.log(AwaitCompletionReliabilityStrategy.java:82) ~[log4j-core-2.20.0.jar:2.20.0]
	at org.apache.logging.log4j.core.Logger.log(Logger.java:163) ~[log4j-core-2.20.0.jar:2.20.0]
	at org.apache.logging.log4j.spi.AbstractLogger.tryLogMessage(AbstractLogger.java:2168) ~[log4j-api-2.20.0.jar:2.20.0]
	at org.apache.logging.log4j.spi.AbstractLogger.logMessageTrackRecursion(AbstractLogger.java:2122) ~[log4j-api-2.20.0.jar:2.20.0]
	at org.apache.logging.log4j.spi.AbstractLogger.logMessageSafely(AbstractLogger.java:2105) ~[log4j-api-2.20.0.jar:2.20.0]
	at org.apache.logging.log4j.spi.AbstractLogger.logMessage(AbstractLogger.java:1997) ~[log4j-api-2.20.0.jar:2.20.0]
	at org.apache.logging.log4j.spi.AbstractLogger.logIfEnabled(AbstractLogger.java:1862) ~[log4j-api-2.20.0.jar:2.20.0]
	at org.apache.logging.slf4j.Log4jLogger.info(Log4jLogger.java:185) ~[log4j-slf4j-impl-2.20.0.jar:2.20.0]
	at org.apache.jmeter.save.SaveService.loadTree(SaveService.java:425) ~[ApacheJMeter_core.jar:5.6.2]
	at org.apache.jmeter.gui.action.Load.loadProjectFile(Load.java:131) ~[ApacheJMeter_core.jar:5.6.2]
	at org.apache.jmeter.gui.action.Load.loadProjectFile(Load.java:103) ~[ApacheJMeter_core.jar:5.6.2]
	at org.apache.jmeter.gui.action.LoadRecentProject.doActionAfterCheck(LoadRecentProject.java:74) ~[ApacheJMeter_core.jar:5.6.2]
	at org.apache.jmeter.gui.action.AbstractActionWithNoRunningTest.doAction(AbstractActionWithNoRunningTest.java:44) ~[ApacheJMeter_core.jar:5.6.2]
	at org.apache.jmeter.gui.action.ActionRouter.performAction(ActionRouter.java:83) ~[ApacheJMeter_core.jar:5.6.2]
	at org.apache.jmeter.gui.action.ActionRouter.lambda$actionPerformed$0(ActionRouter.java:65) ~[ApacheJMeter_core.jar:5.6.2]
	at java.awt.event.InvocationEvent.dispatch(InvocationEvent.java:313) [?:?]
	at java.awt.EventQueue.dispatchEventImpl(EventQueue.java:770) [?:?]
	at java.awt.EventQueue$4.run(EventQueue.java:721) [?:?]
	at java.awt.EventQueue$4.run(EventQueue.java:715) [?:?]
	at java.security.AccessController.doPrivileged(Native Method) ~[?:?]
	at java.security.ProtectionDomain$JavaSecurityAccessImpl.doIntersectionPrivilege(ProtectionDomain.java:85) [?:?]
	at java.awt.EventQueue.dispatchEvent(EventQueue.java:740) [?:?]
	at java.awt.EventDispatchThread.pumpOneEventForFilters(EventDispatchThread.java:203) [?:?]
	at java.awt.EventDispatchThread.pumpEventsForFilter(EventDispatchThread.java:124) [?:?]
	at java.awt.EventDispatchThread.pumpEventsForHierarchy(EventDispatchThread.java:113) [?:?]
	at java.awt.EventDispatchThread.pumpEvents(EventDispatchThread.java:109) [?:?]
	at java.awt.EventDispatchThread.pumpEvents(EventDispatchThread.java:101) [?:?]
	at java.awt.EventDispatchThread.run(EventDispatchThread.java:90) [?:?]
2023-10-25 18:10:03,554 INFO o.a.j.p.h.c.CookieManager: Settings: Delete null: true Check: true Allow variable: true Save: false Prefix: COOKIE_
2023-10-25 18:10:03,555 INFO o.a.j.p.h.c.CacheManager: Will only cache the following methods: [GET]
2023-10-25 18:10:03,558 INFO o.a.j.p.h.s.HTTPSamplerBase: Parser for text/html is org.apache.jmeter.protocol.http.parser.LagartoBasedHtmlParser
2023-10-25 18:10:03,558 INFO o.a.j.p.h.s.HTTPSamplerBase: Parser for application/xhtml+xml is org.apache.jmeter.protocol.http.parser.LagartoBasedHtmlParser
2023-10-25 18:10:03,558 INFO o.a.j.p.h.s.HTTPSamplerBase: Parser for application/xml is org.apache.jmeter.protocol.http.parser.LagartoBasedHtmlParser
2023-10-25 18:10:03,558 INFO o.a.j.p.h.s.HTTPSamplerBase: Parser for text/xml is org.apache.jmeter.protocol.http.parser.LagartoBasedHtmlParser
2023-10-25 18:10:03,558 INFO o.a.j.p.h.s.HTTPSamplerBase: Parser for text/vnd.wap.wml is org.apache.jmeter.protocol.http.parser.RegexpHTMLParser
2023-10-25 18:10:03,558 INFO o.a.j.p.h.s.HTTPSamplerBase: Parser for text/css is org.apache.jmeter.protocol.http.parser.CssParser
2023-10-25 18:10:04,233 INFO o.a.j.s.SampleResult: Note: Sample TimeStamps are START times
2023-10-25 18:10:04,233 INFO o.a.j.s.SampleResult: sampleresult.default.encoding is set to UTF-8
2023-10-25 18:10:04,233 INFO o.a.j.s.SampleResult: sampleresult.useNanoTime=true
2023-10-25 18:10:04,233 INFO o.a.j.s.SampleResult: sampleresult.nanoThreadSleep=5000
2023-10-25 18:10:04,450 INFO o.a.j.r.ClassFinder: Will scan jar C:\Users\mujahid.rizvi\Downloads\apache-jmeter-5.6.2\lib\ext\jmeter-plugins-graphs-basic-2.0.jar with filter ExtendsClassFilter [parents=[interface org.apache.jmeter.visualizers.ResultRenderer], inner=false, contains=null, notContains=null]. Consider exposing JMeter plugins via META-INF/services, and add JMeter-Skip-Class-Scanning=true manifest attribute so JMeter can skip classfile scanning
2023-10-25 18:10:04,450 INFO o.a.j.r.ClassFinder: Will scan jar C:\Users\mujahid.rizvi\Downloads\apache-jmeter-5.6.2\lib\ext\jmeter-plugins-manager-1.9.jar with filter ExtendsClassFilter [parents=[interface org.apache.jmeter.visualizers.ResultRenderer], inner=false, contains=null, notContains=null]. Consider exposing JMeter plugins via META-INF/services, and add JMeter-Skip-Class-Scanning=true manifest attribute so JMeter can skip classfile scanning
2023-10-25 18:10:04,453 INFO o.a.j.r.ClassFinder: Will scan jar C:\Users\mujahid.rizvi\Downloads\apache-jmeter-5.6.2\lib\ext\jmeter-bzm-correlation-recorder-2.1.jar with filter ExtendsClassFilter [parents=[interface org.apache.jmeter.visualizers.ResultRenderer], inner=false, contains=null, notContains=null]. Consider exposing JMeter plugins via META-INF/services, and add JMeter-Skip-Class-Scanning=true manifest attribute so JMeter can skip classfile scanning
2023-10-25 18:10:04,455 INFO o.a.j.r.ClassFinder: Will scan jar C:\Users\mujahid.rizvi\Downloads\apache-jmeter-5.6.2\lib\ext\jmeter-plugins-graphs-additional-2.0.jar with filter ExtendsClassFilter [parents=[interface org.apache.jmeter.visualizers.ResultRenderer], inner=false, contains=null, notContains=null]. Consider exposing JMeter plugins via META-INF/services, and add JMeter-Skip-Class-Scanning=true manifest attribute so JMeter can skip classfile scanning
2023-10-25 18:10:04,457 INFO o.a.j.r.ClassFinder: Will scan jar C:\Users\mujahid.rizvi\Downloads\apache-jmeter-5.6.2\lib\ext\jmeter-plugins-graphs-ggl-2.0.jar with filter ExtendsClassFilter [parents=[interface org.apache.jmeter.visualizers.ResultRenderer], inner=false, contains=null, notContains=null]. Consider exposing JMeter plugins via META-INF/services, and add JMeter-Skip-Class-Scanning=true manifest attribute so JMeter can skip classfile scanning
2023-10-25 18:10:04,459 INFO o.a.j.r.ClassFinder: Will scan jar C:\Users\mujahid.rizvi\Downloads\apache-jmeter-5.6.2\lib\ext\bzm-repositories-plugin-1.0.jar with filter ExtendsClassFilter [parents=[interface org.apache.jmeter.visualizers.ResultRenderer], inner=false, contains=null, notContains=null]. Consider exposing JMeter plugins via META-INF/services, and add JMeter-Skip-Class-Scanning=true manifest attribute so JMeter can skip classfile scanning
2023-10-25 18:10:04,459 INFO o.a.j.r.ClassFinder: Will scan jar C:\Users\mujahid.rizvi\Downloads\apache-jmeter-5.6.2\lib\ext\jmeter-plugins-manager-1.10.jar with filter ExtendsClassFilter [parents=[interface org.apache.jmeter.visualizers.ResultRenderer], inner=false, contains=null, notContains=null]. Consider exposing JMeter plugins via META-INF/services, and add JMeter-Skip-Class-Scanning=true manifest attribute so JMeter can skip classfile scanning
2023-10-25 18:10:04,461 INFO o.a.j.r.ClassFinder: Will scan jar C:\Users\mujahid.rizvi\Downloads\apache-jmeter-5.6.2\lib\ext\jmeter-plugins-casutg-2.10.jar with filter ExtendsClassFilter [parents=[interface org.apache.jmeter.visualizers.ResultRenderer], inner=false, contains=null, notContains=null]. Consider exposing JMeter plugins via META-INF/services, and add JMeter-Skip-Class-Scanning=true manifest attribute so JMeter can skip classfile scanning
2023-10-25 18:10:04,462 INFO o.a.j.r.ClassFinder: Will scan jar C:\Users\mujahid.rizvi\Downloads\apache-jmeter-5.6.2\lib\ext\jmeter.backendlistener.azure-0.2.9.jar with filter ExtendsClassFilter [parents=[interface org.apache.jmeter.visualizers.ResultRenderer], inner=false, contains=null, notContains=null]. Consider exposing JMeter plugins via META-INF/services, and add JMeter-Skip-Class-Scanning=true manifest attribute so JMeter can skip classfile scanning
2023-10-25 18:10:04,474 INFO o.a.j.r.ClassFinder: Will scan jar C:\Users\mujahid.rizvi\Downloads\apache-jmeter-5.6.2\lib\ext\jmeter-plugins-manager-0.20.jar with filter ExtendsClassFilter [parents=[interface org.apache.jmeter.visualizers.ResultRenderer], inner=false, contains=null, notContains=null]. Consider exposing JMeter plugins via META-INF/services, and add JMeter-Skip-Class-Scanning=true manifest attribute so JMeter can skip classfile scanning
2023-10-25 18:10:04,489 INFO o.a.j.r.ClassFinder: Will scan jar C:\Users\mujahid.rizvi\Downloads\apache-jmeter-5.6.2\lib\ext\jmeter-plugins-graphs-basic-2.0.jar with filter ExtendsClassFilter [parents=[interface org.apache.jmeter.visualizers.RequestView], inner=false, contains=null, notContains=null]. Consider exposing JMeter plugins via META-INF/services, and add JMeter-Skip-Class-Scanning=true manifest attribute so JMeter can skip classfile scanning
2023-10-25 18:10:04,490 INFO o.a.j.r.ClassFinder: Will scan jar C:\Users\mujahid.rizvi\Downloads\apache-jmeter-5.6.2\lib\ext\jmeter-plugins-manager-1.9.jar with filter ExtendsClassFilter [parents=[interface org.apache.jmeter.visualizers.RequestView], inner=false, contains=null, notContains=null]. Consider exposing JMeter plugins via META-INF/services, and add JMeter-Skip-Class-Scanning=true manifest attribute so JMeter can skip classfile scanning
2023-10-25 18:10:04,491 INFO o.a.j.r.ClassFinder: Will scan jar C:\Users\mujahid.rizvi\Downloads\apache-jmeter-5.6.2\lib\ext\jmeter-bzm-correlation-recorder-2.1.jar with filter ExtendsClassFilter [parents=[interface org.apache.jmeter.visualizers.RequestView], inner=false, contains=null, notContains=null]. Consider exposing JMeter plugins via META-INF/services, and add JMeter-Skip-Class-Scanning=true manifest attribute so JMeter can skip classfile scanning
2023-10-25 18:10:04,492 INFO o.a.j.r.ClassFinder: Will scan jar C:\Users\mujahid.rizvi\Downloads\apache-jmeter-5.6.2\lib\ext\jmeter-plugins-graphs-additional-2.0.jar with filter ExtendsClassFilter [parents=[interface org.apache.jmeter.visualizers.RequestView], inner=false, contains=null, notContains=null]. Consider exposing JMeter plugins via META-INF/services, and add JMeter-Skip-Class-Scanning=true manifest attribute so JMeter can skip classfile scanning
2023-10-25 18:10:04,495 INFO o.a.j.r.ClassFinder: Will scan jar C:\Users\mujahid.rizvi\Downloads\apache-jmeter-5.6.2\lib\ext\jmeter-plugins-graphs-ggl-2.0.jar with filter ExtendsClassFilter [parents=[interface org.apache.jmeter.visualizers.RequestView], inner=false, contains=null, notContains=null]. Consider exposing JMeter plugins via META-INF/services, and add JMeter-Skip-Class-Scanning=true manifest attribute so JMeter can skip classfile scanning
2023-10-25 18:10:04,496 INFO o.a.j.r.ClassFinder: Will scan jar C:\Users\mujahid.rizvi\Downloads\apache-jmeter-5.6.2\lib\ext\bzm-repositories-plugin-1.0.jar with filter ExtendsClassFilter [parents=[interface org.apache.jmeter.visualizers.RequestView], inner=false, contains=null, notContains=null]. Consider exposing JMeter plugins via META-INF/services, and add JMeter-Skip-Class-Scanning=true manifest attribute so JMeter can skip classfile scanning
2023-10-25 18:10:04,496 INFO o.a.j.r.ClassFinder: Will scan jar C:\Users\mujahid.rizvi\Downloads\apache-jmeter-5.6.2\lib\ext\jmeter-plugins-manager-1.10.jar with filter ExtendsClassFilter [parents=[interface org.apache.jmeter.visualizers.RequestView], inner=false, contains=null, notContains=null]. Consider exposing JMeter plugins via META-INF/services, and add JMeter-Skip-Class-Scanning=true manifest attribute so JMeter can skip classfile scanning
2023-10-25 18:10:04,497 INFO o.a.j.r.ClassFinder: Will scan jar C:\Users\mujahid.rizvi\Downloads\apache-jmeter-5.6.2\lib\ext\jmeter-plugins-casutg-2.10.jar with filter ExtendsClassFilter [parents=[interface org.apache.jmeter.visualizers.RequestView], inner=false, contains=null, notContains=null]. Consider exposing JMeter plugins via META-INF/services, and add JMeter-Skip-Class-Scanning=true manifest attribute so JMeter can skip classfile scanning
2023-10-25 18:10:04,498 INFO o.a.j.r.ClassFinder: Will scan jar C:\Users\mujahid.rizvi\Downloads\apache-jmeter-5.6.2\lib\ext\jmeter.backendlistener.azure-0.2.9.jar with filter ExtendsClassFilter [parents=[interface org.apache.jmeter.visualizers.RequestView], inner=false, contains=null, notContains=null]. Consider exposing JMeter plugins via META-INF/services, and add JMeter-Skip-Class-Scanning=true manifest attribute so JMeter can skip classfile scanning
2023-10-25 18:10:04,503 INFO o.a.j.r.ClassFinder: Will scan jar C:\Users\mujahid.rizvi\Downloads\apache-jmeter-5.6.2\lib\ext\jmeter-plugins-manager-0.20.jar with filter ExtendsClassFilter [parents=[interface org.apache.jmeter.visualizers.RequestView], inner=false, contains=null, notContains=null]. Consider exposing JMeter plugins via META-INF/services, and add JMeter-Skip-Class-Scanning=true manifest attribute so JMeter can skip classfile scanning
2023-10-25 18:10:04,597 INFO o.a.j.s.FileServer: Set new base='C:\Users\mujahid.rizvi\Downloads\apache-jmeter-5.6.2\bin'
2023-10-25 18:10:14,691 INFO o.a.j.e.StandardJMeterEngine: Running the test!
2023-10-25 18:10:14,692 INFO o.a.j.s.SampleEvent: List of sample_variables: []
2023-10-25 18:10:14,692 INFO o.a.j.s.SampleEvent: List of sample_variables: []
2023-10-25 18:10:14,694 INFO o.a.j.e.u.CompoundVariable: Note: Function class names must contain the string: '.functions.'
2023-10-25 18:10:14,694 INFO o.a.j.e.u.CompoundVariable: Note: Function class names must not contain the string: '.gui.'
2023-10-25 18:10:14,925 INFO o.a.j.r.ClassFinder: Will scan jar C:\Users\mujahid.rizvi\Downloads\apache-jmeter-5.6.2\lib\ext\jmeter-plugins-graphs-basic-2.0.jar with filter ExtendsClassFilter [parents=[interface org.apache.jmeter.functions.Function], inner=false, contains=null, notContains=null]. Consider exposing JMeter plugins via META-INF/services, and add JMeter-Skip-Class-Scanning=true manifest attribute so JMeter can skip classfile scanning
2023-10-25 18:10:14,925 INFO o.a.j.r.ClassFinder: Will scan jar C:\Users\mujahid.rizvi\Downloads\apache-jmeter-5.6.2\lib\ext\jmeter-plugins-manager-1.9.jar with filter ExtendsClassFilter [parents=[interface org.apache.jmeter.functions.Function], inner=false, contains=null, notContains=null]. Consider exposing JMeter plugins via META-INF/services, and add JMeter-Skip-Class-Scanning=true manifest attribute so JMeter can skip classfile scanning
2023-10-25 18:10:14,926 INFO o.a.j.r.ClassFinder: Will scan jar C:\Users\mujahid.rizvi\Downloads\apache-jmeter-5.6.2\lib\ext\jmeter-bzm-correlation-recorder-2.1.jar with filter ExtendsClassFilter [parents=[interface org.apache.jmeter.functions.Function], inner=false, contains=null, notContains=null]. Consider exposing JMeter plugins via META-INF/services, and add JMeter-Skip-Class-Scanning=true manifest attribute so JMeter can skip classfile scanning
2023-10-25 18:10:14,926 INFO o.a.j.r.ClassFinder: Will scan jar C:\Users\mujahid.rizvi\Downloads\apache-jmeter-5.6.2\lib\ext\jmeter-plugins-graphs-additional-2.0.jar with filter ExtendsClassFilter [parents=[interface org.apache.jmeter.functions.Function], inner=false, contains=null, notContains=null]. Consider exposing JMeter plugins via META-INF/services, and add JMeter-Skip-Class-Scanning=true manifest attribute so JMeter can skip classfile scanning
2023-10-25 18:10:14,927 INFO o.a.j.r.ClassFinder: Will scan jar C:\Users\mujahid.rizvi\Downloads\apache-jmeter-5.6.2\lib\ext\jmeter-plugins-graphs-ggl-2.0.jar with filter ExtendsClassFilter [parents=[interface org.apache.jmeter.functions.Function], inner=false, contains=null, notContains=null]. Consider exposing JMeter plugins via META-INF/services, and add JMeter-Skip-Class-Scanning=true manifest attribute so JMeter can skip classfile scanning
2023-10-25 18:10:14,928 INFO o.a.j.r.ClassFinder: Will scan jar C:\Users\mujahid.rizvi\Downloads\apache-jmeter-5.6.2\lib\ext\bzm-repositories-plugin-1.0.jar with filter ExtendsClassFilter [parents=[interface org.apache.jmeter.functions.Function], inner=false, contains=null, notContains=null]. Consider exposing JMeter plugins via META-INF/services, and add JMeter-Skip-Class-Scanning=true manifest attribute so JMeter can skip classfile scanning
2023-10-25 18:10:14,928 INFO o.a.j.r.ClassFinder: Will scan jar C:\Users\mujahid.rizvi\Downloads\apache-jmeter-5.6.2\lib\ext\jmeter-plugins-manager-1.10.jar with filter ExtendsClassFilter [parents=[interface org.apache.jmeter.functions.Function], inner=false, contains=null, notContains=null]. Consider exposing JMeter plugins via META-INF/services, and add JMeter-Skip-Class-Scanning=true manifest attribute so JMeter can skip classfile scanning
2023-10-25 18:10:14,929 INFO o.a.j.r.ClassFinder: Will scan jar C:\Users\mujahid.rizvi\Downloads\apache-jmeter-5.6.2\lib\ext\jmeter-plugins-casutg-2.10.jar with filter ExtendsClassFilter [parents=[interface org.apache.jmeter.functions.Function], inner=false, contains=null, notContains=null]. Consider exposing JMeter plugins via META-INF/services, and add JMeter-Skip-Class-Scanning=true manifest attribute so JMeter can skip classfile scanning
2023-10-25 18:10:14,929 INFO o.a.j.r.ClassFinder: Will scan jar C:\Users\mujahid.rizvi\Downloads\apache-jmeter-5.6.2\lib\ext\jmeter.backendlistener.azure-0.2.9.jar with filter ExtendsClassFilter [parents=[interface org.apache.jmeter.functions.Function], inner=false, contains=null, notContains=null]. Consider exposing JMeter plugins via META-INF/services, and add JMeter-Skip-Class-Scanning=true manifest attribute so JMeter can skip classfile scanning
2023-10-25 18:10:14,936 INFO o.a.j.r.ClassFinder: Will scan jar C:\Users\mujahid.rizvi\Downloads\apache-jmeter-5.6.2\lib\ext\jmeter-plugins-manager-0.20.jar with filter ExtendsClassFilter [parents=[interface org.apache.jmeter.functions.Function], inner=false, contains=null, notContains=null]. Consider exposing JMeter plugins via META-INF/services, and add JMeter-Skip-Class-Scanning=true manifest attribute so JMeter can skip classfile scanning
2023-10-25 18:10:14,955 INFO o.a.j.g.u.JMeterMenuBar: setRunning(true, *local*)
2023-10-25 18:10:15,015 INFO o.a.j.e.StandardJMeterEngine: Starting ThreadGroup: 1 : Thread Group
2023-10-25 18:10:15,015 INFO o.a.j.e.StandardJMeterEngine: Starting 1 threads for group Thread Group.
2023-10-25 18:10:15,015 INFO o.a.j.e.StandardJMeterEngine: Thread will continue on error
2023-10-25 18:10:15,015 INFO o.a.j.t.ThreadGroup: Starting thread group... number=1 threads=1 ramp-up=1 delayedStart=false
2023-10-25 18:10:15,022 INFO o.a.j.t.ThreadGroup: Started thread group number 1
2023-10-25 18:10:15,022 INFO o.a.j.e.StandardJMeterEngine: All thread groups have been started
2023-10-25 18:10:15,028 INFO o.a.j.t.JMeterThread: Thread started: Thread Group 1-1
2023-10-25 18:10:15,034 INFO o.a.j.p.h.s.HTTPJavaImpl: Maximum connection retries = 0
2023-10-25 18:10:15,035 INFO o.a.j.u.JsseSSLManager: Using default SSL protocol: TLS
2023-10-25 18:10:15,035 INFO o.a.j.u.JsseSSLManager: SSL session context: per-thread
2023-10-25 18:10:15,043 INFO o.a.j.u.SSLManager: JmeterKeyStore Location:  type JKS
2023-10-25 18:10:15,044 INFO o.a.j.u.SSLManager: KeyStore created OK
2023-10-25 18:10:15,044 WARN o.a.j.u.SSLManager: Keystore file not found, loading empty keystore
2023-10-25 18:10:16,685 ERROR o.a.j.p.h.s.HTTPJavaImpl: readResponse: java.io.EOFException
2023-10-25 18:10:16,686 INFO o.a.j.p.h.s.HTTPJavaImpl: Error Response Code: 302, Server sent no Errorpage
2023-10-25 18:10:24,976 ERROR o.a.j.p.h.s.HTTPJavaImpl: readResponse: java.io.EOFException
2023-10-25 18:10:24,976 INFO o.a.j.p.h.s.HTTPJavaImpl: Error Response Code: 302, Server sent no Errorpage
2023-10-25 18:11:31,081 INFO o.a.j.t.JMeterThread: Thread is done: Thread Group 1-1
2023-10-25 18:11:31,081 INFO o.a.j.t.JMeterThread: Thread finished: Thread Group 1-1
2023-10-25 18:11:31,082 INFO o.a.j.e.StandardJMeterEngine: Notifying test listeners of end of test
2023-10-25 18:11:31,082 INFO o.a.j.g.u.JMeterMenuBar: setRunning(false, *local*)
